<?xml version="1.0" encoding="UTF-8"?>
<testng-results ignored="0" total="6" passed="6" failed="0" skipped="0">
  <reporter-output>
  </reporter-output>
  <suite started-at="2021-10-10T23:15:01 PDT" name="Suite1" finished-at="2021-10-10T23:15:05 PDT" duration-ms="3669">
    <groups>
    </groups>
    <test started-at="2021-10-10T23:15:01 PDT" name="craftChallengeTest" finished-at="2021-10-10T23:15:05 PDT" duration-ms="3669">
      <class name="com.farmersinsurance.craft.ApiKeys">
        <test-method signature="testCheckInvalidKey()[pri:0, instance:com.farmersinsurance.craft.ApiKeys@2892dae4]" started-at="2021-10-10T23:15:04 PDT" name="testCheckInvalidKey" finished-at="2021-10-10T23:15:04 PDT" duration-ms="384" status="PASS">
          <reporter-output>
          </reporter-output>
        </test-method> <!-- testCheckInvalidKey -->
        <test-method signature="testCheckKey()[pri:0, instance:com.farmersinsurance.craft.ApiKeys@2892dae4]" started-at="2021-10-10T23:15:04 PDT" name="testCheckKey" finished-at="2021-10-10T23:15:05 PDT" duration-ms="544" status="PASS">
          <reporter-output>
          </reporter-output>
        </test-method> <!-- testCheckKey -->
      </class> <!-- com.farmersinsurance.craft.ApiKeys -->
      <class name="com.farmersinsurance.craft.Date">
        <test-method signature="testCheckDate()[pri:0, instance:com.farmersinsurance.craft.Date@1fb700ee]" started-at="2021-10-10T23:15:01 PDT" name="testCheckDate" finished-at="2021-10-10T23:15:03 PDT" duration-ms="1475" status="PASS">
          <reporter-output>
          </reporter-output>
        </test-method> <!-- testCheckDate -->
        <test-method signature="testCheckInvalidDate()[pri:0, instance:com.farmersinsurance.craft.Date@1fb700ee]" started-at="2021-10-10T23:15:03 PDT" name="testCheckInvalidDate" finished-at="2021-10-10T23:15:03 PDT" duration-ms="419" status="PASS">
          <reporter-output>
          </reporter-output>
        </test-method> <!-- testCheckInvalidDate -->
        <test-method signature="testCheckInvalidDateFormat()[pri:0, instance:com.farmersinsurance.craft.Date@1fb700ee]" started-at="2021-10-10T23:15:03 PDT" name="testCheckInvalidDateFormat" finished-at="2021-10-10T23:15:03 PDT" duration-ms="406" status="PASS">
          <reporter-output>
          </reporter-output>
        </test-method> <!-- testCheckInvalidDateFormat -->
        <test-method signature="testCheckOutOfRange()[pri:0, instance:com.farmersinsurance.craft.Date@1fb700ee]" started-at="2021-10-10T23:15:03 PDT" name="testCheckOutOfRange" finished-at="2021-10-10T23:15:04 PDT" duration-ms="380" status="PASS">
          <reporter-output>
          </reporter-output>
        </test-method> <!-- testCheckOutOfRange -->
      </class> <!-- com.farmersinsurance.craft.Date -->
    </test> <!-- craftChallengeTest -->
  </suite> <!-- Suite1 -->
</testng-results>
