<?xml version="1.0" encoding="UTF-8"?>
<!-- Generated by org.testng.reporters.JUnitXMLReporter -->
<testsuite ignored="1" hostname="DESKTOP-LA8F5TA" failures="0" tests="1" name="Default test" time="1.715" errors="0" timestamp="2021-10-10T22:48:26 PDT">
  <testcase classname="com.farmersinsurance.craft.ApiKeys" name="checkKey" time="1.662"/>
  <testcase classname="com.farmersinsurance.craft.ApiKeys" name="checkInvalidKey" time="0.0">
    <ignored/>
  </testcase> <!-- checkInvalidKey -->
</testsuite> <!-- Default test -->
