<?xml version="1.0" encoding="UTF-8"?>
<!-- Generated by org.testng.reporters.JUnitXMLReporter -->
<testsuite ignored="0" hostname="DESKTOP-LA8F5TA" failures="0" tests="6" name="craftChallengeTest" time="3.669" errors="0" timestamp="2021-10-10T23:15:05 PDT">
  <testcase classname="com.farmersinsurance.craft.Date" name="testCheckDate" time="1.475"/>
  <testcase classname="com.farmersinsurance.craft.Date" name="testCheckInvalidDate" time="0.419"/>
  <testcase classname="com.farmersinsurance.craft.Date" name="testCheckInvalidDateFormat" time="0.406"/>
  <testcase classname="com.farmersinsurance.craft.Date" name="testCheckOutOfRange" time="0.38"/>
  <testcase classname="com.farmersinsurance.craft.ApiKeys" name="testCheckInvalidKey" time="0.384"/>
  <testcase classname="com.farmersinsurance.craft.ApiKeys" name="testCheckKey" time="0.544"/>
</testsuite> <!-- craftChallengeTest -->
